Building DAG of jobs...
Using shell: /bin/bash
Provided cluster nodes: 6000
Job counts:
	count	jobs
	1	all
	1	circlator
	1	dnadiff
	1	resequence
	4

[Mon Feb 25 10:35:43 2019]
rule resequence:
    input: /CGF/Bioinformatics/Production/Wen/20180220_test_hgap_run/KOR-110_SC367308_1707/HGAP_run/Resequence/resequence_run/referenceset.xml
    output: /CGF/Bioinformatics/Production/Wen/20180220_test_hgap_run/KOR-110_SC367308_1707/HGAP_run/Resequence/resequence_run/tasks/pbcoretools.tasks.gather_contigset-1/file.contigset.fasta
    jobid: 3
    reason: Missing output files: /CGF/Bioinformatics/Production/Wen/20180220_test_hgap_run/KOR-110_SC367308_1707/HGAP_run/Resequence/resequence_run/tasks/pbcoretools.tasks.gather_contigset-1/file.contigset.fasta
    wildcards: sample=KOR-110_SC367308_1707

/CGF/Resources/PacBio/smrtlink/current/bundles/smrttools/smrtcmds/bin/pbsmrtpipe pipeline-id pbsmrtpipe.pipelines.sa3_ds_resequencing_fat -e eid_ref_dataset:/CGF/Bioinformatics/Production/Wen/20180220_test_hgap_run/KOR-110_SC367308_1707/HGAP_run/Resequence/resequence_run/referenceset.xml -e eid_subread:/CGF/Bioinformatics/Production/Wen/20180220_test_hgap_run/KOR-110_SC367308_1707/HGAP_run/Resequence/file1707.subreadset.xml --preset-json=/CGF/Bioinformatics/Production/Wen/20180220_test_hgap_run/plasmid_test/resequence_preset.json --output-dir=/CGF/Bioinformatics/Production/Wen/20180220_test_hgap_run/KOR-110_SC367308_1707/HGAP_run/Resequence/resequence_run
Submitted job 3 with external jobid 'Your job 4962663 ("snakejob.resequence.3.sh") has been submitted'.
[Mon Feb 25 11:03:17 2019]
Finished job 3.
1 of 4 steps (25%) done

[Mon Feb 25 11:03:18 2019]
rule dnadiff:
    input: /CGF/Bioinformatics/Production/Wen/20180220_test_hgap_run/KOR-110_SC367308_1707/HGAP_run/circlator_1707/00.input_assembly.fasta, /CGF/Bioinformatics/Production/Wen/20180220_test_hgap_run/KOR-110_SC367308_1707/HGAP_run/Resequence/resequence_run/tasks/pbcoretools.tasks.gather_contigset-1/file.contigset.fasta
    output: /CGF/Bioinformatics/Production/Wen/20180220_test_hgap_run/KOR-110_SC367308_1707/HGAP_run/Resequence/old_vs_new.delta
    jobid: 1
    reason: Missing output files: /CGF/Bioinformatics/Production/Wen/20180220_test_hgap_run/KOR-110_SC367308_1707/HGAP_run/Resequence/old_vs_new.delta; Input files updated by another job: /CGF/Bioinformatics/Production/Wen/20180220_test_hgap_run/KOR-110_SC367308_1707/HGAP_run/Resequence/resequence_run/tasks/pbcoretools.tasks.gather_contigset-1/file.contigset.fasta
    wildcards: sample=KOR-110_SC367308_1707

. /etc/profile.d/modules.sh; module load MUMmer/3.23;dnadiff /CGF/Bioinformatics/Production/Wen/20180220_test_hgap_run/KOR-110_SC367308_1707/HGAP_run/circlator_1707/00.input_assembly.fasta /CGF/Bioinformatics/Production/Wen/20180220_test_hgap_run/KOR-110_SC367308_1707/HGAP_run/Resequence/resequence_run/tasks/pbcoretools.tasks.gather_contigset-1/file.contigset.fasta -p /CGF/Bioinformatics/Production/Wen/20180220_test_hgap_run/KOR-110_SC367308_1707/HGAP_run/Resequence/old_vs_new;mummerplot --png -p /CGF/Bioinformatics/Production/Wen/20180220_test_hgap_run/KOR-110_SC367308_1707/HGAP_run/Resequence/old_vs_new_mummerplot /CGF/Bioinformatics/Production/Wen/20180220_test_hgap_run/KOR-110_SC367308_1707/HGAP_run/Resequence/old_vs_new.delta -R /CGF/Bioinformatics/Production/Wen/20180220_test_hgap_run/KOR-110_SC367308_1707/HGAP_run/circlator_1707/00.input_assembly.fasta -Q /CGF/Bioinformatics/Production/Wen/20180220_test_hgap_run/KOR-110_SC367308_1707/HGAP_run/Resequence/resequence_run/tasks/pbcoretools.tasks.gather_contigset-1/file.contigset.fasta
Submitted job 1 with external jobid 'Your job 4962788 ("snakejob.dnadiff.1.sh") has been submitted'.

[Mon Feb 25 11:03:18 2019]
rule circlator:
    input: /CGF/Bioinformatics/Production/Wen/20180220_test_hgap_run/KOR-110_SC367308_1707/HGAP_run/Resequence/resequence_run/tasks/pbcoretools.tasks.gather_contigset-1/file.contigset.fasta, /CGF/Bioinformatics/Production/Wen/20180220_test_hgap_run/KOR-110_SC367308_1707/HGAP_run/Resequence/preads4falcon.fasta
    output: /CGF/Bioinformatics/Production/Wen/20180220_test_hgap_run/KOR-110_SC367308_1707/HGAP_run/Resequence/circlator/04.merge.circularise_details.log
    jobid: 2
    reason: Missing output files: /CGF/Bioinformatics/Production/Wen/20180220_test_hgap_run/KOR-110_SC367308_1707/HGAP_run/Resequence/circlator/04.merge.circularise_details.log; Input files updated by another job: /CGF/Bioinformatics/Production/Wen/20180220_test_hgap_run/KOR-110_SC367308_1707/HGAP_run/Resequence/resequence_run/tasks/pbcoretools.tasks.gather_contigset-1/file.contigset.fasta

. /etc/profile.d/modules.sh; module load samtools python python3 SPAdes/3.7.1 canu/1.5 bwa/0.7.15 prodigal/2.6.3 MUMmer/3.23;rm -R /CGF/Bioinformatics/Production/Wen/20180220_test_hgap_run/KOR-110_SC367308_1707/HGAP_run/Resequence/circlator; circlator all --merge_min_length_merge 1000 /CGF/Bioinformatics/Production/Wen/20180220_test_hgap_run/KOR-110_SC367308_1707/HGAP_run/Resequence/resequence_run/tasks/pbcoretools.tasks.gather_contigset-1/file.contigset.fasta /CGF/Bioinformatics/Production/Wen/20180220_test_hgap_run/KOR-110_SC367308_1707/HGAP_run/Resequence/preads4falcon.fasta /CGF/Bioinformatics/Production/Wen/20180220_test_hgap_run/KOR-110_SC367308_1707/HGAP_run/Resequence/circlator;
Submitted job 2 with external jobid 'Your job 4962789 ("snakejob.circlator.2.sh") has been submitted'.
Waiting at most 120 seconds for missing files.
[Mon Feb 25 11:04:18 2019]
Finished job 1.
2 of 4 steps (50%) done
[Mon Feb 25 11:14:20 2019]
Finished job 2.
3 of 4 steps (75%) done

[Mon Feb 25 11:14:20 2019]
localrule all:
    input: /CGF/Bioinformatics/Production/Wen/20180220_test_hgap_run/KOR-110_SC367308_1707/HGAP_run/Resequence/circlator/04.merge.circularise_details.log, /CGF/Bioinformatics/Production/Wen/20180220_test_hgap_run/KOR-110_SC367308_1707/HGAP_run/Resequence/old_vs_new.delta
    jobid: 0
    reason: Input files updated by another job: /CGF/Bioinformatics/Production/Wen/20180220_test_hgap_run/KOR-110_SC367308_1707/HGAP_run/Resequence/old_vs_new.delta, /CGF/Bioinformatics/Production/Wen/20180220_test_hgap_run/KOR-110_SC367308_1707/HGAP_run/Resequence/circlator/04.merge.circularise_details.log

[Mon Feb 25 11:14:20 2019]
Finished job 0.
4 of 4 steps (100%) done
Complete log: /mnt/nfs/gigantor/ifs/DCEG/Home/luow2/20180220_test_hgap_run/reseq_pipeline/.snakemake/log/2019-02-25T103542.091394.snakemake.log
