Building DAG of jobs...
Using shell: /bin/bash
Provided cluster nodes: 6000
Job counts:
	count	jobs
	1	all
	1	circlator
	1	dnadiff
	3

[Mon Feb 25 17:05:58 2019]
rule dnadiff:
    input: /CGF/Bioinformatics/Production/Wen/20180220_test_hgap_run/LAT-025_SC448816_2241/HGAP_run/circlator_2241/00.input_assembly.fasta, /CGF/Bioinformatics/Production/Wen/20180220_test_hgap_run/LAT-025_SC448816_2241/HGAP_run/Resequence/resequence_run/tasks/pbcoretools.tasks.gather_contigset-1/file.contigset.fasta
    output: /CGF/Bioinformatics/Production/Wen/20180220_test_hgap_run/LAT-025_SC448816_2241/HGAP_run/Resequence/old_vs_new.delta
    jobid: 2
    reason: Missing output files: /CGF/Bioinformatics/Production/Wen/20180220_test_hgap_run/LAT-025_SC448816_2241/HGAP_run/Resequence/old_vs_new.delta
    wildcards: sample=LAT-025_SC448816_2241

. /etc/profile.d/modules.sh; module load MUMmer/3.23;dnadiff /CGF/Bioinformatics/Production/Wen/20180220_test_hgap_run/LAT-025_SC448816_2241/HGAP_run/circlator_2241/00.input_assembly.fasta /CGF/Bioinformatics/Production/Wen/20180220_test_hgap_run/LAT-025_SC448816_2241/HGAP_run/Resequence/resequence_run/tasks/pbcoretools.tasks.gather_contigset-1/file.contigset.fasta -p /CGF/Bioinformatics/Production/Wen/20180220_test_hgap_run/LAT-025_SC448816_2241/HGAP_run/Resequence/old_vs_new;mummerplot --png -p /CGF/Bioinformatics/Production/Wen/20180220_test_hgap_run/LAT-025_SC448816_2241/HGAP_run/Resequence/old_vs_new_mummerplot /CGF/Bioinformatics/Production/Wen/20180220_test_hgap_run/LAT-025_SC448816_2241/HGAP_run/Resequence/old_vs_new.delta -R /CGF/Bioinformatics/Production/Wen/20180220_test_hgap_run/LAT-025_SC448816_2241/HGAP_run/circlator_2241/00.input_assembly.fasta -Q /CGF/Bioinformatics/Production/Wen/20180220_test_hgap_run/LAT-025_SC448816_2241/HGAP_run/Resequence/resequence_run/tasks/pbcoretools.tasks.gather_contigset-1/file.contigset.fasta
Submitted job 2 with external jobid 'Your job 4969568 ("snakejob.dnadiff.2.sh") has been submitted'.

[Mon Feb 25 17:05:59 2019]
rule circlator:
    input: /CGF/Bioinformatics/Production/Wen/20180220_test_hgap_run/LAT-025_SC448816_2241/HGAP_run/Resequence/resequence_run/tasks/pbcoretools.tasks.gather_contigset-1/file.contigset.fasta, /CGF/Bioinformatics/Production/Wen/20180220_test_hgap_run/LAT-025_SC448816_2241/HGAP_run/Resequence/preads4falcon.fasta
    output: /CGF/Bioinformatics/Production/Wen/20180220_test_hgap_run/LAT-025_SC448816_2241/HGAP_run/Resequence/circlator/04.merge.circularise_details.log
    jobid: 1
    reason: Missing output files: /CGF/Bioinformatics/Production/Wen/20180220_test_hgap_run/LAT-025_SC448816_2241/HGAP_run/Resequence/circlator/04.merge.circularise_details.log

. /etc/profile.d/modules.sh; module load samtools python python3 SPAdes/3.7.1 canu/1.5 bwa/0.7.15 prodigal/2.6.3 MUMmer/3.23;rm -R /CGF/Bioinformatics/Production/Wen/20180220_test_hgap_run/LAT-025_SC448816_2241/HGAP_run/Resequence/circlator; circlator all --merge_min_length_merge 1000 /CGF/Bioinformatics/Production/Wen/20180220_test_hgap_run/LAT-025_SC448816_2241/HGAP_run/Resequence/resequence_run/tasks/pbcoretools.tasks.gather_contigset-1/file.contigset.fasta /CGF/Bioinformatics/Production/Wen/20180220_test_hgap_run/LAT-025_SC448816_2241/HGAP_run/Resequence/preads4falcon.fasta /CGF/Bioinformatics/Production/Wen/20180220_test_hgap_run/LAT-025_SC448816_2241/HGAP_run/Resequence/circlator;
Submitted job 1 with external jobid 'Your job 4969569 ("snakejob.circlator.1.sh") has been submitted'.
[Mon Feb 25 17:06:38 2019]
Finished job 2.
1 of 3 steps (33%) done
[Mon Feb 25 17:30:21 2019]
Finished job 1.
2 of 3 steps (67%) done

[Mon Feb 25 17:30:21 2019]
localrule all:
    input: /CGF/Bioinformatics/Production/Wen/20180220_test_hgap_run/LAT-025_SC448816_2241/HGAP_run/Resequence/circlator/04.merge.circularise_details.log, /CGF/Bioinformatics/Production/Wen/20180220_test_hgap_run/LAT-025_SC448816_2241/HGAP_run/Resequence/old_vs_new.delta
    jobid: 0
    reason: Input files updated by another job: /CGF/Bioinformatics/Production/Wen/20180220_test_hgap_run/LAT-025_SC448816_2241/HGAP_run/Resequence/circlator/04.merge.circularise_details.log, /CGF/Bioinformatics/Production/Wen/20180220_test_hgap_run/LAT-025_SC448816_2241/HGAP_run/Resequence/old_vs_new.delta

[Mon Feb 25 17:30:21 2019]
Finished job 0.
3 of 3 steps (100%) done
Complete log: /mnt/nfs/gigantor/ifs/DCEG/Home/luow2/20180220_test_hgap_run/reseq_pipeline/.snakemake/log/2019-02-25T170556.855547.snakemake.log
